<?xml version="1.0" encoding="UTF-8"?>
<!-- Generated by org.testng.reporters.JUnitXMLReporter -->
<testsuite hostname="IT-PDUBEY-L" ignored="0" name="Test-method test" tests="1" failures="0" timestamp="20 Dec 2018 20:33:03 GMT" time="24.118" errors="0">
  <testcase name="CreateContactTestGCP" time="24.094" classname="com.kwri.ContactMgmt.ui.PerformanceTest.ParallelTestGCP"/>
</testsuite> <!-- Test-method test -->
