<?xml version="1.0" encoding="UTF-8"?>
<!-- Generated by org.testng.reporters.JUnitReportReporter -->
<testsuite skipped="0" hostname="IT-PDUBEY-L" name="com.kwri.ContactMgmt.ui.steps.TestScriptWithModularity" tests="1" failures="0" timestamp="06 Jul 2018 16:59:49 GMT" time="7.621" errors="0">
  <testcase name="modular" time="7.621" classname="com.kwri.ContactMgmt.ui.steps.TestScriptWithModularity"/>
</testsuite> <!-- com.kwri.ContactMgmt.ui.steps.TestScriptWithModularity -->
