<?xml version="1.0" encoding="UTF-8"?>
<!-- Generated by org.testng.reporters.JUnitReportReporter -->
<testsuite skipped="0" hostname="IT-PDUBEY-L" name="com.kwri.ContactMgmt.ui.PerformanceTest.ParallelTest" tests="1" failures="0" timestamp="21 Dec 2018 00:29:57 GMT" time="75.085" errors="0">
  <testcase name="parallelMethod" time="75.085" classname="com.kwri.ContactMgmt.ui.PerformanceTest.ParallelTest"/>
</testsuite> <!-- com.kwri.ContactMgmt.ui.PerformanceTest.ParallelTest -->
