<?xml version="1.0" encoding="UTF-8"?>
<!-- Generated by org.testng.reporters.JUnitReportReporter -->
<testsuite skipped="0" hostname="IT-PDUBEY-L" name="com.kwri.ContactMgmt.ui.contacts.AWS" tests="2" failures="0" timestamp="17 Dec 2018 23:29:44 GMT" time="37.311" errors="0">
  <testcase name="CreateContactTest" time="19.848" classname="com.kwri.ContactMgmt.ui.contacts.AWS"/>
  <testcase name="CreateContactTest" time="17.463" classname="com.kwri.ContactMgmt.ui.contacts.AWS"/>
</testsuite> <!-- com.kwri.ContactMgmt.ui.contacts.AWS -->
