<?xml version="1.0" encoding="UTF-8"?>
<!-- Generated by org.testng.reporters.JUnitReportReporter -->
<testsuite skipped="0" hostname="IT-PDUBEY-L" name="com.kwri.ContactMgmt.ui.temporary.ImpWebButton" tests="1" failures="0" timestamp="12 Jul 2018 00:43:15 GMT" time="23.270" errors="0">
  <testcase name="modularTest" time="23.270" classname="com.kwri.ContactMgmt.ui.temporary.ImpWebButton"/>
</testsuite> <!-- com.kwri.ContactMgmt.ui.temporary.ImpWebButton -->
