<?xml version="1.0" encoding="UTF-8"?>
<!-- Generated by org.testng.reporters.JUnitReportReporter -->
<testsuite skipped="0" hostname="IT-PDUBEY-L" name="com.kwri.ContactMgmt.ui.PerformanceTest.AWS" tests="10" failures="0" timestamp="20 Dec 2018 17:16:13 GMT" time="208.107" errors="0">
  <testcase name="CreateContactTestAWS" time="20.158" classname="com.kwri.ContactMgmt.ui.PerformanceTest.AWS"/>
  <testcase name="CreateContactTestAWS" time="20.647" classname="com.kwri.ContactMgmt.ui.PerformanceTest.AWS"/>
  <testcase name="CreateContactTestAWS" time="20.552" classname="com.kwri.ContactMgmt.ui.PerformanceTest.AWS"/>
  <testcase name="CreateContactTestAWS" time="20.498" classname="com.kwri.ContactMgmt.ui.PerformanceTest.AWS"/>
  <testcase name="CreateContactTestAWS" time="23.586" classname="com.kwri.ContactMgmt.ui.PerformanceTest.AWS"/>
  <testcase name="CreateContactTestAWS" time="20.254" classname="com.kwri.ContactMgmt.ui.PerformanceTest.AWS"/>
  <testcase name="CreateContactTestAWS" time="20.717" classname="com.kwri.ContactMgmt.ui.PerformanceTest.AWS"/>
  <testcase name="CreateContactTestAWS" time="20.537" classname="com.kwri.ContactMgmt.ui.PerformanceTest.AWS"/>
  <testcase name="CreateContactTestAWS" time="20.458" classname="com.kwri.ContactMgmt.ui.PerformanceTest.AWS"/>
  <testcase name="CreateContactTestAWS" time="20.700" classname="com.kwri.ContactMgmt.ui.PerformanceTest.AWS"/>
</testsuite> <!-- com.kwri.ContactMgmt.ui.PerformanceTest.AWS -->
