<?xml version="1.0" encoding="UTF-8"?>
<!-- Generated by org.testng.reporters.JUnitReportReporter -->
<testsuite skipped="0" hostname="IT-PDUBEY-L" name="com.kwri.ContactMgmt.ui.basic.NavigateMainScript" tests="1" failures="0" timestamp="17 Jul 2018 18:41:12 GMT" time="25.066" errors="0">
  <testcase name="startTest" time="25.066" classname="com.kwri.ContactMgmt.ui.basic.NavigateMainScript"/>
</testsuite> <!-- com.kwri.ContactMgmt.ui.basic.NavigateMainScript -->
