<?xml version="1.0" encoding="UTF-8"?>
<!-- Generated by org.testng.reporters.JUnitReportReporter -->
<testsuite skipped="0" hostname="IT-PDUBEY-L" name="com.kwri.ContactMgmt.ui.temporary.ImpWebElement" tests="1" failures="0" timestamp="18 Jul 2018 15:12:46 GMT" time="21.632" errors="0">
  <testcase name="trialAndErrorTest" time="21.632" classname="com.kwri.ContactMgmt.ui.temporary.ImpWebElement"/>
</testsuite> <!-- com.kwri.ContactMgmt.ui.temporary.ImpWebElement -->
