<?xml version="1.0" encoding="UTF-8"?>
<!-- Generated by org.testng.reporters.JUnitReportReporter -->
<testsuite skipped="0" hostname="IT-PDUBEY-L" name="com.kwri.ContactMgmt.ui.temporary.SimpleScript" tests="1" failures="0" timestamp="06 Jul 2018 20:09:35 GMT" time="2.392" errors="0">
  <testcase name="abc" time="2.392" classname="com.kwri.ContactMgmt.ui.temporary.SimpleScript"/>
</testsuite> <!-- com.kwri.ContactMgmt.ui.temporary.SimpleScript -->
