<?xml version="1.0" encoding="UTF-8"?>
<!-- Generated by org.testng.reporters.JUnitReportReporter -->
<testsuite skipped="0" hostname="IT-PDUBEY-L" name="com.kwri.ContactMgmt.ui.basic.LoginMainScript" tests="1" failures="0" timestamp="12 Jul 2018 16:43:57 GMT" time="12.301" errors="0">
  <testcase name="startTest" time="12.301" classname="com.kwri.ContactMgmt.ui.basic.LoginMainScript"/>
</testsuite> <!-- com.kwri.ContactMgmt.ui.basic.LoginMainScript -->
