<?xml version="1.0" encoding="UTF-8"?>
<!-- Generated by org.testng.reporters.JUnitReportReporter -->
<testsuite skipped="0" hostname="IT-PDUBEY-L" name="com.kwri.ContactMgmt.ui.basic.MainScript" tests="1" failures="0" timestamp="12 Jul 2018 01:29:07 GMT" time="28.963" errors="0">
  <testcase name="startTest" time="28.963" classname="com.kwri.ContactMgmt.ui.basic.MainScript"/>
</testsuite> <!-- com.kwri.ContactMgmt.ui.basic.MainScript -->
