<?xml version="1.0" encoding="UTF-8"?>
<!-- Generated by org.testng.reporters.JUnitReportReporter -->
<testsuite skipped="0" hostname="IT-PDUBEY-L" name="com.kwri.ContactMgmt.ui.temporary.TestScriptWithWebButton" tests="1" failures="0" timestamp="25 Jul 2018 14:47:02 GMT" time="16.220" errors="0">
  <testcase name="modular" time="16.220" classname="com.kwri.ContactMgmt.ui.temporary.TestScriptWithWebButton"/>
</testsuite> <!-- com.kwri.ContactMgmt.ui.temporary.TestScriptWithWebButton -->
