<?xml version="1.0" encoding="UTF-8"?>
<!-- Generated by org.testng.reporters.JUnitReportReporter -->
<testsuite skipped="0" hostname="IT-PDUBEY-L" name="com.kwri.ContactMgmt.ui.temporary.ImpWebButtonScript" tests="1" failures="0" timestamp="09 Jul 2018 16:08:26 GMT" time="7.442" errors="0">
  <testcase name="smartAndModular" time="7.442" classname="com.kwri.ContactMgmt.ui.temporary.ImpWebButtonScript"/>
</testsuite> <!-- com.kwri.ContactMgmt.ui.temporary.ImpWebButtonScript -->
