<?xml version="1.0" encoding="UTF-8"?>
<!-- Generated by org.testng.reporters.JUnitReportReporter -->
<testsuite skipped="0" hostname="IT-PDUBEY-L" name="com.kwri.ContactMgmt.ui.ConcurrentTest.ParallelTestGCP" tests="1" failures="0" timestamp="21 Dec 2018 01:10:14 GMT" time="67.090" errors="0">
  <testcase name="parallelMethod" time="67.090" classname="com.kwri.ContactMgmt.ui.ConcurrentTest.ParallelTestGCP"/>
</testsuite> <!-- com.kwri.ContactMgmt.ui.ConcurrentTest.ParallelTestGCP -->
