<?xml version="1.0" encoding="UTF-8"?>
<!-- Generated by org.testng.reporters.JUnitReportReporter -->
<testsuite skipped="0" hostname="IT-PDUBEY-L" name="com.kwri.ContactMgmt.ui.PerformanceTest.GCP" tests="100" failures="0" timestamp="20 Dec 2018 21:10:49 GMT" time="2242.880" errors="2">
  <testcase name="CreateContactTestGCP" time="23.027" classname="com.kwri.ContactMgmt.ui.PerformanceTest.GCP"/>
  <testcase name="CreateContactTestGCP" time="21.387" classname="com.kwri.ContactMgmt.ui.PerformanceTest.GCP"/>
  <testcase name="CreateContactTestGCP" time="21.661" classname="com.kwri.ContactMgmt.ui.PerformanceTest.GCP"/>
  <testcase name="CreateContactTestGCP" time="21.995" classname="com.kwri.ContactMgmt.ui.PerformanceTest.GCP"/>
  <testcase name="CreateContactTestGCP" time="22.803" classname="com.kwri.ContactMgmt.ui.PerformanceTest.GCP"/>
  <testcase name="CreateContactTestGCP" time="21.805" classname="com.kwri.ContactMgmt.ui.PerformanceTest.GCP"/>
  <testcase name="CreateContactTestGCP" time="25.779" classname="com.kwri.ContactMgmt.ui.PerformanceTest.GCP"/>
  <testcase name="CreateContactTestGCP" time="22.022" classname="com.kwri.ContactMgmt.ui.PerformanceTest.GCP"/>
  <testcase name="CreateContactTestGCP" time="21.542" classname="com.kwri.ContactMgmt.ui.PerformanceTest.GCP"/>
  <testcase name="CreateContactTestGCP" time="22.520" classname="com.kwri.ContactMgmt.ui.PerformanceTest.GCP"/>
  <testcase name="CreateContactTestGCP" time="21.964" classname="com.kwri.ContactMgmt.ui.PerformanceTest.GCP"/>
  <testcase name="CreateContactTestGCP" time="21.802" classname="com.kwri.ContactMgmt.ui.PerformanceTest.GCP"/>
  <testcase name="CreateContactTestGCP" time="21.891" classname="com.kwri.ContactMgmt.ui.PerformanceTest.GCP"/>
  <testcase name="CreateContactTestGCP" time="22.403" classname="com.kwri.ContactMgmt.ui.PerformanceTest.GCP"/>
  <testcase name="CreateContactTestGCP" time="22.186" classname="com.kwri.ContactMgmt.ui.PerformanceTest.GCP"/>
  <testcase name="CreateContactTestGCP" time="21.750" classname="com.kwri.ContactMgmt.ui.PerformanceTest.GCP"/>
  <testcase name="CreateContactTestGCP" time="22.005" classname="com.kwri.ContactMgmt.ui.PerformanceTest.GCP"/>
  <testcase name="CreateContactTestGCP" time="16.696" classname="com.kwri.ContactMgmt.ui.PerformanceTest.GCP">
    <error type="org.openqa.selenium.ElementNotVisibleException" message="element not visible
  (Session info: chrome=71.0.3578.98)
  (Driver info: chromedriver=2.35.528161 (5b82f2d2aae0ca24b877009200ced9065a772e73),platform=Windows NT 10.0.17134 x86_64) (WARNING: The server did not provide any stacktrace information)
Command duration or timeout: 0 milliseconds
Build info: version: &#039;3.12.0&#039;, revision: &#039;7c6e0b3&#039;, time: &#039;2018-05-08T14:04:26.12Z&#039;
System info: host: &#039;IT-PDUBEY-L&#039;, ip: &#039;192.168.202.1&#039;, os.name: &#039;Windows 10&#039;, os.arch: &#039;amd64&#039;, os.version: &#039;10.0&#039;, java.version: &#039;1.8.0_161&#039;
Driver info: org.openqa.selenium.chrome.ChromeDriver
Capabilities {acceptInsecureCerts: false, acceptSslCerts: false, applicationCacheEnabled: false, browserConnectionEnabled: false, browserName: chrome, chrome: {chromedriverVersion: 2.35.528161 (5b82f2d2aae0ca..., userDataDir: C:\Users\PREETI~1.DUB\AppDa...}, cssSelectorsEnabled: true, databaseEnabled: false, handlesAlerts: true, hasTouchScreen: false, javascriptEnabled: true, locationContextEnabled: true, mobileEmulationEnabled: false, nativeEvents: true, networkConnectionEnabled: false, pageLoadStrategy: normal, platform: XP, platformName: XP, rotatable: false, setWindowRect: true, takesHeapSnapshot: true, takesScreenshot: true, unexpectedAlertBehaviour: , unhandledPromptBehavior: , version: 71.0.3578.98, webStorageEnabled: true}
Session ID: dd5779f1436326ebbfbfbd466c0d3306">
      <![CDATA[org.openqa.selenium.ElementNotVisibleException: element not visible  (Session info: chrome=71.0.3578.98)  (Driver info: chromedriver=2.35.528161 (5b82f2d2aae0ca24b877009200ced9065a772e73),platform=Windows NT 10.0.17134 x86_64) (WARNING: The server did not provide any stacktrace information)Command duration or timeout: 0 millisecondsBuild info: version: '3.12.0', revision: '7c6e0b3', time: '2018-05-08T14:04:26.12Z'System info: host: 'IT-PDUBEY-L', ip: '192.168.202.1', os.name: 'Windows 10', os.arch: 'amd64', os.version: '10.0', java.version: '1.8.0_161'Driver info: org.openqa.selenium.chrome.ChromeDriverCapabilities {acceptInsecureCerts: false, acceptSslCerts: false, applicationCacheEnabled: false, browserConnectionEnabled: false, browserName: chrome, chrome: {chromedriverVersion: 2.35.528161 (5b82f2d2aae0ca..., userDataDir: C:\Users\PREETI~1.DUB\AppDa...}, cssSelectorsEnabled: true, databaseEnabled: false, handlesAlerts: true, hasTouchScreen: false, javascriptEnabled: true, locationContextEnabled: true, mobileEmulationEnabled: false, nativeEvents: true, networkConnectionEnabled: false, pageLoadStrategy: normal, platform: XP, platformName: XP, rotatable: false, setWindowRect: true, takesHeapSnapshot: true, takesScreenshot: true, unexpectedAlertBehaviour: , unhandledPromptBehavior: , version: 71.0.3578.98, webStorageEnabled: true}Session ID: dd5779f1436326ebbfbfbd466c0d3306at sun.reflect.NativeConstructorAccessorImpl.newInstance0(Native Method)at sun.reflect.NativeConstructorAccessorImpl.newInstance(NativeConstructorAccessorImpl.java:62)at sun.reflect.DelegatingConstructorAccessorImpl.newInstance(DelegatingConstructorAccessorImpl.java:45)at java.lang.reflect.Constructor.newInstance(Constructor.java:423)at org.openqa.selenium.remote.ErrorHandler.createThrowable(ErrorHandler.java:214)at org.openqa.selenium.remote.ErrorHandler.throwIfResponseFailed(ErrorHandler.java:166)at org.openqa.selenium.remote.http.JsonHttpResponseCodec.reconstructValue(JsonHttpResponseCodec.java:40)at org.openqa.selenium.remote.http.AbstractHttpResponseCodec.decode(AbstractHttpResponseCodec.java:80)at org.openqa.selenium.remote.http.AbstractHttpResponseCodec.decode(AbstractHttpResponseCodec.java:44)at org.openqa.selenium.remote.HttpCommandExecutor.execute(HttpCommandExecutor.java:158)at org.openqa.selenium.remote.service.DriverCommandExecutor.execute(DriverCommandExecutor.java:83)at org.openqa.selenium.remote.RemoteWebDriver.execute(RemoteWebDriver.java:543)at org.openqa.selenium.remote.RemoteWebElement.execute(RemoteWebElement.java:276)at org.openqa.selenium.remote.RemoteWebElement.sendKeys(RemoteWebElement.java:100)at com.kwri.ContactMgmt.ui.PerformanceTest.GCP.CreateContactTestGCP(GCP.java:87)at sun.reflect.GeneratedMethodAccessor4.invoke(Unknown Source)at sun.reflect.DelegatingMethodAccessorImpl.invoke(DelegatingMethodAccessorImpl.java:43)at java.lang.reflect.Method.invoke(Method.java:498)at org.testng.internal.MethodInvocationHelper.invokeMethod(MethodInvocationHelper.java:124)at org.testng.internal.Invoker.invokeMethod(Invoker.java:571)at org.testng.internal.Invoker.invokeTestMethod(Invoker.java:707)at org.testng.internal.Invoker.invokeTestMethods(Invoker.java:979)at org.testng.internal.TestMethodWorker.invokeTestMethods(TestMethodWorker.java:125)at org.testng.internal.TestMethodWorker.run(TestMethodWorker.java:109)at org.testng.TestRunner.privateRun(TestRunner.java:648)at org.testng.TestRunner.run(TestRunner.java:505)at org.testng.SuiteRunner.runTest(SuiteRunner.java:455)at org.testng.SuiteRunner.runSequentially(SuiteRunner.java:450)at org.testng.SuiteRunner.privateRun(SuiteRunner.java:415)at org.testng.SuiteRunner.run(SuiteRunner.java:364)at org.testng.SuiteRunnerWorker.runSuite(SuiteRunnerWorker.java:52)at org.testng.SuiteRunnerWorker.run(SuiteRunnerWorker.java:84)at org.testng.TestNG.runSuitesSequentially(TestNG.java:1187)at org.testng.TestNG.runSuitesLocally(TestNG.java:1116)at org.testng.TestNG.runSuites(TestNG.java:1028)at org.testng.TestNG.run(TestNG.java:996)at org.testng.remote.AbstractRemoteTestNG.run(AbstractRemoteTestNG.java:114)at org.testng.remote.RemoteTestNG.initAndRun(RemoteTestNG.java:251)at org.testng.remote.RemoteTestNG.main(RemoteTestNG.java:77)]]>
    </error>
  </testcase> <!-- CreateContactTestGCP -->
  <testcase name="CreateContactTestGCP" time="22.457" classname="com.kwri.ContactMgmt.ui.PerformanceTest.GCP"/>
  <testcase name="CreateContactTestGCP" time="21.823" classname="com.kwri.ContactMgmt.ui.PerformanceTest.GCP"/>
  <testcase name="CreateContactTestGCP" time="21.317" classname="com.kwri.ContactMgmt.ui.PerformanceTest.GCP"/>
  <testcase name="CreateContactTestGCP" time="24.641" classname="com.kwri.ContactMgmt.ui.PerformanceTest.GCP"/>
  <testcase name="CreateContactTestGCP" time="21.804" classname="com.kwri.ContactMgmt.ui.PerformanceTest.GCP"/>
  <testcase name="CreateContactTestGCP" time="21.763" classname="com.kwri.ContactMgmt.ui.PerformanceTest.GCP"/>
  <testcase name="CreateContactTestGCP" time="21.505" classname="com.kwri.ContactMgmt.ui.PerformanceTest.GCP"/>
  <testcase name="CreateContactTestGCP" time="22.087" classname="com.kwri.ContactMgmt.ui.PerformanceTest.GCP"/>
  <testcase name="CreateContactTestGCP" time="24.316" classname="com.kwri.ContactMgmt.ui.PerformanceTest.GCP"/>
  <testcase name="CreateContactTestGCP" time="21.271" classname="com.kwri.ContactMgmt.ui.PerformanceTest.GCP"/>
  <testcase name="CreateContactTestGCP" time="22.101" classname="com.kwri.ContactMgmt.ui.PerformanceTest.GCP"/>
  <testcase name="CreateContactTestGCP" time="22.195" classname="com.kwri.ContactMgmt.ui.PerformanceTest.GCP"/>
  <testcase name="CreateContactTestGCP" time="22.716" classname="com.kwri.ContactMgmt.ui.PerformanceTest.GCP"/>
  <testcase name="CreateContactTestGCP" time="22.063" classname="com.kwri.ContactMgmt.ui.PerformanceTest.GCP"/>
  <testcase name="CreateContactTestGCP" time="22.735" classname="com.kwri.ContactMgmt.ui.PerformanceTest.GCP"/>
  <testcase name="CreateContactTestGCP" time="21.602" classname="com.kwri.ContactMgmt.ui.PerformanceTest.GCP"/>
  <testcase name="CreateContactTestGCP" time="22.020" classname="com.kwri.ContactMgmt.ui.PerformanceTest.GCP"/>
  <testcase name="CreateContactTestGCP" time="21.733" classname="com.kwri.ContactMgmt.ui.PerformanceTest.GCP"/>
  <testcase name="CreateContactTestGCP" time="22.122" classname="com.kwri.ContactMgmt.ui.PerformanceTest.GCP"/>
  <testcase name="CreateContactTestGCP" time="22.095" classname="com.kwri.ContactMgmt.ui.PerformanceTest.GCP"/>
  <testcase name="CreateContactTestGCP" time="22.760" classname="com.kwri.ContactMgmt.ui.PerformanceTest.GCP"/>
  <testcase name="CreateContactTestGCP" time="22.269" classname="com.kwri.ContactMgmt.ui.PerformanceTest.GCP"/>
  <testcase name="CreateContactTestGCP" time="21.986" classname="com.kwri.ContactMgmt.ui.PerformanceTest.GCP"/>
  <testcase name="CreateContactTestGCP" time="24.658" classname="com.kwri.ContactMgmt.ui.PerformanceTest.GCP"/>
  <testcase name="CreateContactTestGCP" time="21.441" classname="com.kwri.ContactMgmt.ui.PerformanceTest.GCP"/>
  <testcase name="CreateContactTestGCP" time="22.063" classname="com.kwri.ContactMgmt.ui.PerformanceTest.GCP"/>
  <testcase name="CreateContactTestGCP" time="22.417" classname="com.kwri.ContactMgmt.ui.PerformanceTest.GCP"/>
  <testcase name="CreateContactTestGCP" time="22.227" classname="com.kwri.ContactMgmt.ui.PerformanceTest.GCP"/>
  <testcase name="CreateContactTestGCP" time="21.997" classname="com.kwri.ContactMgmt.ui.PerformanceTest.GCP"/>
  <testcase name="CreateContactTestGCP" time="23.472" classname="com.kwri.ContactMgmt.ui.PerformanceTest.GCP"/>
  <testcase name="CreateContactTestGCP" time="21.865" classname="com.kwri.ContactMgmt.ui.PerformanceTest.GCP"/>
  <testcase name="CreateContactTestGCP" time="21.772" classname="com.kwri.ContactMgmt.ui.PerformanceTest.GCP"/>
  <testcase name="CreateContactTestGCP" time="34.317" classname="com.kwri.ContactMgmt.ui.PerformanceTest.GCP">
    <error type="org.openqa.selenium.TimeoutException" message="Expected condition failed: waiting for element to no longer be visible: By.xpath: //span[@class=&#039;fa-refresh fa-spin fa styles__custom-spinner___1VNU2&#039;] (tried for 15 second(s) with 500 milliseconds interval)
Build info: version: &#039;3.12.0&#039;, revision: &#039;7c6e0b3&#039;, time: &#039;2018-05-08T14:04:26.12Z&#039;
System info: host: &#039;IT-PDUBEY-L&#039;, ip: &#039;192.168.202.1&#039;, os.name: &#039;Windows 10&#039;, os.arch: &#039;amd64&#039;, os.version: &#039;10.0&#039;, java.version: &#039;1.8.0_161&#039;
Driver info: org.openqa.selenium.chrome.ChromeDriver
Capabilities {acceptInsecureCerts: false, acceptSslCerts: false, applicationCacheEnabled: false, browserConnectionEnabled: false, browserName: chrome, chrome: {chromedriverVersion: 2.35.528161 (5b82f2d2aae0ca..., userDataDir: C:\Users\PREETI~1.DUB\AppDa...}, cssSelectorsEnabled: true, databaseEnabled: false, handlesAlerts: true, hasTouchScreen: false, javascriptEnabled: true, locationContextEnabled: true, mobileEmulationEnabled: false, nativeEvents: true, networkConnectionEnabled: false, pageLoadStrategy: normal, platform: XP, platformName: XP, rotatable: false, setWindowRect: true, takesHeapSnapshot: true, takesScreenshot: true, unexpectedAlertBehaviour: , unhandledPromptBehavior: , version: 71.0.3578.98, webStorageEnabled: true}
Session ID: d0cf9af6c02c9525c2205bdb94abc155">
      <![CDATA[org.openqa.selenium.TimeoutException: Expected condition failed: waiting for element to no longer be visible: By.xpath: //span[@class='fa-refresh fa-spin fa styles__custom-spinner___1VNU2'] (tried for 15 second(s) with 500 milliseconds interval)Build info: version: '3.12.0', revision: '7c6e0b3', time: '2018-05-08T14:04:26.12Z'System info: host: 'IT-PDUBEY-L', ip: '192.168.202.1', os.name: 'Windows 10', os.arch: 'amd64', os.version: '10.0', java.version: '1.8.0_161'Driver info: org.openqa.selenium.chrome.ChromeDriverCapabilities {acceptInsecureCerts: false, acceptSslCerts: false, applicationCacheEnabled: false, browserConnectionEnabled: false, browserName: chrome, chrome: {chromedriverVersion: 2.35.528161 (5b82f2d2aae0ca..., userDataDir: C:\Users\PREETI~1.DUB\AppDa...}, cssSelectorsEnabled: true, databaseEnabled: false, handlesAlerts: true, hasTouchScreen: false, javascriptEnabled: true, locationContextEnabled: true, mobileEmulationEnabled: false, nativeEvents: true, networkConnectionEnabled: false, pageLoadStrategy: normal, platform: XP, platformName: XP, rotatable: false, setWindowRect: true, takesHeapSnapshot: true, takesScreenshot: true, unexpectedAlertBehaviour: , unhandledPromptBehavior: , version: 71.0.3578.98, webStorageEnabled: true}Session ID: d0cf9af6c02c9525c2205bdb94abc155at org.openqa.selenium.support.ui.WebDriverWait.timeoutException(WebDriverWait.java:81)at org.openqa.selenium.support.ui.FluentWait.until(FluentWait.java:271)at com.kwri.ContactMgmt.ui.PerformanceTest.GCP.CreateContactTestGCP(GCP.java:128)at sun.reflect.GeneratedMethodAccessor4.invoke(Unknown Source)at sun.reflect.DelegatingMethodAccessorImpl.invoke(DelegatingMethodAccessorImpl.java:43)at java.lang.reflect.Method.invoke(Method.java:498)at org.testng.internal.MethodInvocationHelper.invokeMethod(MethodInvocationHelper.java:124)at org.testng.internal.Invoker.invokeMethod(Invoker.java:571)at org.testng.internal.Invoker.invokeTestMethod(Invoker.java:707)at org.testng.internal.Invoker.invokeTestMethods(Invoker.java:979)at org.testng.internal.TestMethodWorker.invokeTestMethods(TestMethodWorker.java:125)at org.testng.internal.TestMethodWorker.run(TestMethodWorker.java:109)at org.testng.TestRunner.privateRun(TestRunner.java:648)at org.testng.TestRunner.run(TestRunner.java:505)at org.testng.SuiteRunner.runTest(SuiteRunner.java:455)at org.testng.SuiteRunner.runSequentially(SuiteRunner.java:450)at org.testng.SuiteRunner.privateRun(SuiteRunner.java:415)at org.testng.SuiteRunner.run(SuiteRunner.java:364)at org.testng.SuiteRunnerWorker.runSuite(SuiteRunnerWorker.java:52)at org.testng.SuiteRunnerWorker.run(SuiteRunnerWorker.java:84)at org.testng.TestNG.runSuitesSequentially(TestNG.java:1187)at org.testng.TestNG.runSuitesLocally(TestNG.java:1116)at org.testng.TestNG.runSuites(TestNG.java:1028)at org.testng.TestNG.run(TestNG.java:996)at org.testng.remote.AbstractRemoteTestNG.run(AbstractRemoteTestNG.java:114)at org.testng.remote.RemoteTestNG.initAndRun(RemoteTestNG.java:251)at org.testng.remote.RemoteTestNG.main(RemoteTestNG.java:77)]]>
    </error>
  </testcase> <!-- CreateContactTestGCP -->
  <testcase name="CreateContactTestGCP" time="22.463" classname="com.kwri.ContactMgmt.ui.PerformanceTest.GCP"/>
  <testcase name="CreateContactTestGCP" time="22.090" classname="com.kwri.ContactMgmt.ui.PerformanceTest.GCP"/>
  <testcase name="CreateContactTestGCP" time="22.379" classname="com.kwri.ContactMgmt.ui.PerformanceTest.GCP"/>
  <testcase name="CreateContactTestGCP" time="23.091" classname="com.kwri.ContactMgmt.ui.PerformanceTest.GCP"/>
  <testcase name="CreateContactTestGCP" time="21.638" classname="com.kwri.ContactMgmt.ui.PerformanceTest.GCP"/>
  <testcase name="CreateContactTestGCP" time="22.243" classname="com.kwri.ContactMgmt.ui.PerformanceTest.GCP"/>
  <testcase name="CreateContactTestGCP" time="22.143" classname="com.kwri.ContactMgmt.ui.PerformanceTest.GCP"/>
  <testcase name="CreateContactTestGCP" time="22.094" classname="com.kwri.ContactMgmt.ui.PerformanceTest.GCP"/>
  <testcase name="CreateContactTestGCP" time="21.610" classname="com.kwri.ContactMgmt.ui.PerformanceTest.GCP"/>
  <testcase name="CreateContactTestGCP" time="22.121" classname="com.kwri.ContactMgmt.ui.PerformanceTest.GCP"/>
  <testcase name="CreateContactTestGCP" time="22.146" classname="com.kwri.ContactMgmt.ui.PerformanceTest.GCP"/>
  <testcase name="CreateContactTestGCP" time="21.599" classname="com.kwri.ContactMgmt.ui.PerformanceTest.GCP"/>
  <testcase name="CreateContactTestGCP" time="22.683" classname="com.kwri.ContactMgmt.ui.PerformanceTest.GCP"/>
  <testcase name="CreateContactTestGCP" time="22.293" classname="com.kwri.ContactMgmt.ui.PerformanceTest.GCP"/>
  <testcase name="CreateContactTestGCP" time="22.686" classname="com.kwri.ContactMgmt.ui.PerformanceTest.GCP"/>
  <testcase name="CreateContactTestGCP" time="22.360" classname="com.kwri.ContactMgmt.ui.PerformanceTest.GCP"/>
  <testcase name="CreateContactTestGCP" time="26.692" classname="com.kwri.ContactMgmt.ui.PerformanceTest.GCP"/>
  <testcase name="CreateContactTestGCP" time="22.428" classname="com.kwri.ContactMgmt.ui.PerformanceTest.GCP"/>
  <testcase name="CreateContactTestGCP" time="21.632" classname="com.kwri.ContactMgmt.ui.PerformanceTest.GCP"/>
  <testcase name="CreateContactTestGCP" time="21.942" classname="com.kwri.ContactMgmt.ui.PerformanceTest.GCP"/>
  <testcase name="CreateContactTestGCP" time="21.695" classname="com.kwri.ContactMgmt.ui.PerformanceTest.GCP"/>
  <testcase name="CreateContactTestGCP" time="22.841" classname="com.kwri.ContactMgmt.ui.PerformanceTest.GCP"/>
  <testcase name="CreateContactTestGCP" time="22.579" classname="com.kwri.ContactMgmt.ui.PerformanceTest.GCP"/>
  <testcase name="CreateContactTestGCP" time="21.556" classname="com.kwri.ContactMgmt.ui.PerformanceTest.GCP"/>
  <testcase name="CreateContactTestGCP" time="22.725" classname="com.kwri.ContactMgmt.ui.PerformanceTest.GCP"/>
  <testcase name="CreateContactTestGCP" time="22.162" classname="com.kwri.ContactMgmt.ui.PerformanceTest.GCP"/>
  <testcase name="CreateContactTestGCP" time="21.907" classname="com.kwri.ContactMgmt.ui.PerformanceTest.GCP"/>
  <testcase name="CreateContactTestGCP" time="21.962" classname="com.kwri.ContactMgmt.ui.PerformanceTest.GCP"/>
  <testcase name="CreateContactTestGCP" time="22.312" classname="com.kwri.ContactMgmt.ui.PerformanceTest.GCP"/>
  <testcase name="CreateContactTestGCP" time="22.668" classname="com.kwri.ContactMgmt.ui.PerformanceTest.GCP"/>
  <testcase name="CreateContactTestGCP" time="21.563" classname="com.kwri.ContactMgmt.ui.PerformanceTest.GCP"/>
  <testcase name="CreateContactTestGCP" time="20.156" classname="com.kwri.ContactMgmt.ui.PerformanceTest.GCP"/>
  <testcase name="CreateContactTestGCP" time="22.294" classname="com.kwri.ContactMgmt.ui.PerformanceTest.GCP"/>
  <testcase name="CreateContactTestGCP" time="22.521" classname="com.kwri.ContactMgmt.ui.PerformanceTest.GCP"/>
  <testcase name="CreateContactTestGCP" time="22.101" classname="com.kwri.ContactMgmt.ui.PerformanceTest.GCP"/>
  <testcase name="CreateContactTestGCP" time="21.783" classname="com.kwri.ContactMgmt.ui.PerformanceTest.GCP"/>
  <testcase name="CreateContactTestGCP" time="23.061" classname="com.kwri.ContactMgmt.ui.PerformanceTest.GCP"/>
  <testcase name="CreateContactTestGCP" time="32.069" classname="com.kwri.ContactMgmt.ui.PerformanceTest.GCP"/>
  <testcase name="CreateContactTestGCP" time="21.947" classname="com.kwri.ContactMgmt.ui.PerformanceTest.GCP"/>
  <testcase name="CreateContactTestGCP" time="22.226" classname="com.kwri.ContactMgmt.ui.PerformanceTest.GCP"/>
  <testcase name="CreateContactTestGCP" time="22.095" classname="com.kwri.ContactMgmt.ui.PerformanceTest.GCP"/>
  <testcase name="CreateContactTestGCP" time="22.076" classname="com.kwri.ContactMgmt.ui.PerformanceTest.GCP"/>
  <testcase name="CreateContactTestGCP" time="22.809" classname="com.kwri.ContactMgmt.ui.PerformanceTest.GCP"/>
  <testcase name="CreateContactTestGCP" time="23.376" classname="com.kwri.ContactMgmt.ui.PerformanceTest.GCP"/>
  <testcase name="CreateContactTestGCP" time="21.734" classname="com.kwri.ContactMgmt.ui.PerformanceTest.GCP"/>
  <testcase name="CreateContactTestGCP" time="21.838" classname="com.kwri.ContactMgmt.ui.PerformanceTest.GCP"/>
  <testcase name="CreateContactTestGCP" time="21.655" classname="com.kwri.ContactMgmt.ui.PerformanceTest.GCP"/>
  <testcase name="CreateContactTestGCP" time="22.276" classname="com.kwri.ContactMgmt.ui.PerformanceTest.GCP"/>
  <testcase name="CreateContactTestGCP" time="21.712" classname="com.kwri.ContactMgmt.ui.PerformanceTest.GCP"/>
</testsuite> <!-- com.kwri.ContactMgmt.ui.PerformanceTest.GCP -->
