<?xml version="1.0" encoding="UTF-8"?>
<!-- Generated by org.testng.reporters.JUnitReportReporter -->
<testsuite skipped="0" hostname="IT-PDUBEY-L" name="com.kwri.ContactMgmt.ui.temporary.pathtest" tests="1" failures="0" timestamp="25 Jul 2018 00:45:14 GMT" time="0.020" errors="0">
  <testcase name="driverPathTest" time="0.020" classname="com.kwri.ContactMgmt.ui.temporary.pathtest"/>
</testsuite> <!-- com.kwri.ContactMgmt.ui.temporary.pathtest -->
