<?xml version="1.0" encoding="UTF-8"?>
<!-- Generated by org.testng.reporters.JUnitReportReporter -->
<testsuite skipped="0" hostname="IT-PDUBEY-L" name="com.kwri.ContactMgmt.ui.PerformanceTest.ParallelTestGCP" tests="1" failures="0" timestamp="20 Dec 2018 20:33:03 GMT" time="24.094" errors="0">
  <testcase name="CreateContactTestGCP" time="24.094" classname="com.kwri.ContactMgmt.ui.PerformanceTest.ParallelTestGCP"/>
</testsuite> <!-- com.kwri.ContactMgmt.ui.PerformanceTest.ParallelTestGCP -->
